[2022-06-25 14:12:04,409][kospeech.utils][INFO] - model:
  architecture: deepspeech2
  hidden_dim: 1024
  dropout: 0.3
  num_encoder_layers: 3
  rnn_type: gru
  max_len: 400
  activation: hardtanh
  teacher_forcing_ratio: 1.0
  teacher_forcing_step: 0.0
  min_teacher_forcing_ratio: 1.0
  joint_ctc_attention: false
  use_bidirectional: true
train:
  dataset: kspon
  dataset_path: ''
  transcripts_path: /Users/jongbeom.kim/Documents/ksponspeech/data/transcripts.txt
  output_unit: character
  num_epochs: 70
  batch_size: 32
  save_result_every: 1000
  checkpoint_every: 5000
  print_every: 10
  mode: train
  seed: 777
  resume: false
  num_workers: 4
  use_cuda: true
  optimizer: adam
  init_lr: 1.0e-06
  final_lr: 1.0e-06
  peak_lr: 0.0001
  init_lr_scale: 0.01
  final_lr_scale: 0.05
  max_grad_norm: 400
  warmup_steps: 400
  weight_decay: 1.0e-05
  reduction: mean
  lr_scheduler: tri_stage_lr_scheduler
  total_steps: 10
audio:
  audio_extension: pcm
  transform_method: mel
  sample_rate: 16000
  frame_length: 20
  frame_shift: 10
  n_mels: 80
  normalize: true
  del_silence: true
  feature_extract_by: kaldi
  freq_mask_para: 18
  time_mask_num: 4
  freq_mask_num: 2
  spec_augment: true
  input_reverse: false

[2022-06-25 14:12:04,411][kospeech.utils][INFO] - Operating System : Darwin 20.6.0
[2022-06-25 14:12:04,419][kospeech.utils][INFO] - Processor : i386
[2022-06-25 14:12:04,420][kospeech.utils][INFO] - CUDA is available : False
[2022-06-25 14:12:04,420][kospeech.utils][INFO] - PyTorch version : 1.11.0
[2022-06-25 14:12:04,424][kospeech.utils][INFO] - split dataset start !!
[2022-06-25 14:12:04,713][kospeech.utils][INFO] - Applying Spec Augmentation...
[2022-06-25 14:12:04,720][kospeech.utils][INFO] - Applying Spec Augmentation...
[2022-06-25 14:12:04,726][kospeech.utils][INFO] - Applying Spec Augmentation...
[2022-06-25 14:12:04,732][kospeech.utils][INFO] - Applying Spec Augmentation...
[2022-06-25 14:12:04,995][kospeech.utils][INFO] - split dataset complete !!
[2022-06-25 14:12:05,295][kospeech.utils][INFO] - start
[2022-06-25 14:12:05,295][kospeech.utils][INFO] - Epoch 0 start
